<?xml version="1.0" encoding="UTF-8"?>
<testng-results skipped="0" failed="0" ignored="0" total="1" passed="1">
  <reporter-output>
  </reporter-output>
  <suite name="Default suite" duration-ms="75" started-at="2021-07-13T13:59:54 BRT" finished-at="2021-07-13T13:59:54 BRT">
    <groups>
    </groups>
    <test name="Default test" duration-ms="75" started-at="2021-07-13T13:59:54 BRT" finished-at="2021-07-13T13:59:54 BRT">
      <class name="br.com.renanrramossi.movielist.jcat.test.NewTest">
        <test-method status="PASS" signature="f()[pri:0, instance:br.com.renanrramossi.movielist.jcat.test.NewTest@2eda0940]" name="f" duration-ms="16" started-at="2021-07-13T13:59:54 BRT" finished-at="2021-07-13T13:59:54 BRT">
          <reporter-output>
          </reporter-output>
        </test-method> <!-- f -->
      </class> <!-- br.com.renanrramossi.movielist.jcat.test.NewTest -->
    </test> <!-- Default test -->
  </suite> <!-- Default suite -->
</testng-results>
